<?xml version="1.0" encoding="UTF-8"?>
<testsuite name="DroideTest" tests="1" skipped="0" failures="0" errors="0" timestamp="2022-02-02T09:35:54" hostname="MacBook-Air-de-Mohamed.local" time="0.029">
  <properties/>
  <testcase name="takeDmg()" classname="DroideTest" time="0.029"/>
  <system-out><![CDATA[]]></system-out>
  <system-err><![CDATA[]]></system-err>
</testsuite>
